<?xml version="1.0" encoding="UTF-8"?>
<!-- Generated by org.testng.reporters.JUnitXMLReporter -->
<testsuite ignored="0" hostname="Vaibhav" failures="1" tests="1" name="Test" time="0.058" errors="0" timestamp="2024-04-16T09:11:17 IST">
  <testcase classname="com.shoppersstack_testScript.Verify_User_Is_Able_To_Delete_Address" name="deleteAddress" time="0.01">
    <failure type="java.lang.Error" message="Unresolved compilation problems: 
	The method getAccountBtn() is undefined for the type HomePage
	The method getMyProfileBtn() is undefined for the type HomePage
	driver cannot be resolved to a variable
	The method getMyAddressBtn() is undefined for the type MyProfilePage
	MyAddressPage cannot be resolved to a type
	MyAddressPage cannot be resolved to a type
	driver cannot be resolved to a variable
	driver cannot be resolved
	The method sleep(long) in the type Thread is not applicable for the arguments ()
	Syntax error on token &amp;quot;addressPage&amp;quot;, delete this token
">
      <![CDATA[java.lang.Error: Unresolved compilation problems: 
The method getAccountBtn() is undefined for the type HomePage
The method getMyProfileBtn() is undefined for the type HomePage
driver cannot be resolved to a variable
The method getMyAddressBtn() is undefined for the type MyProfilePage
MyAddressPage cannot be resolved to a type
MyAddressPage cannot be resolved to a type
driver cannot be resolved to a variable
driver cannot be resolved
The method sleep(long) in the type Thread is not applicable for the arguments ()
Syntax error on token "addressPage", delete this token

at com.shoppersstack_testScript.Verify_User_Is_Able_To_Delete_Address.deleteAddress(Verify_User_Is_Able_To_Delete_Address.java:13)
at java.base/java.util.ArrayList.forEach(ArrayList.java:1511)
... Removed 27 stack frames]]>
    </failure>
  </testcase> <!-- deleteAddress -->
</testsuite> <!-- Test -->
